<?xml version="1.0" encoding="UTF-8"?>
<!-- Generated by org.testng.reporters.JUnitReportReporter -->
<testsuite hostname="fv-az1052-336" failures="0" tests="1" name="TestClasses.LoginTest" time="6.572" errors="0" timestamp="2023-11-30T17:24:40 UTC" skipped="0">
  <testcase classname="TestClasses.LoginTest" name="login" time="6.572"/>
  <system-out/>
</testsuite> <!-- TestClasses.LoginTest -->
