<?xml version="1.0" encoding="UTF-8"?>
<!-- Generated by org.testng.reporters.JUnitReportReporter -->
<testsuite hostname="fv-az1493-414" failures="0" tests="1" name="TestClasses.LoginTest" time="9.539" errors="0" timestamp="2023-11-24T14:14:06 UTC" skipped="0">
  <testcase classname="TestClasses.LoginTest" name="login" time="9.539"/>
  <system-out/>
</testsuite> <!-- TestClasses.LoginTest -->
