<?xml version="1.0" encoding="UTF-8"?>
<!-- Generated by org.testng.reporters.JUnitReportReporter -->
<testsuite hostname="fv-az665-908" failures="0" tests="1" name="TestClasses.LoginTest" time="10.562" errors="0" timestamp="2023-11-24T17:30:54 UTC" skipped="0">
  <testcase classname="TestClasses.LoginTest" name="login" time="10.562"/>
  <system-out/>
</testsuite> <!-- TestClasses.LoginTest -->
