<?xml version="1.0" encoding="UTF-8"?>
<!-- Generated by org.testng.reporters.JUnitReportReporter -->
<testsuite hostname="fv-az1215-917" failures="0" tests="1" name="TestClasses.LoginTest" time="20.154" errors="0" timestamp="2023-11-30T16:47:25 UTC" skipped="0">
  <testcase classname="TestClasses.LoginTest" name="login" time="20.154"/>
  <system-out/>
</testsuite> <!-- TestClasses.LoginTest -->
