<?xml version="1.0" encoding="UTF-8"?>
<!-- Generated by org.testng.reporters.JUnitReportReporter -->
<testsuite hostname="fv-az1196-323" failures="0" tests="1" name="TestClasses.LoginTest" time="35.068" errors="0" timestamp="2023-11-30T10:16:57 UTC" skipped="0">
  <testcase classname="TestClasses.LoginTest" name="login" time="35.068"/>
  <system-out/>
</testsuite> <!-- TestClasses.LoginTest -->
