<?xml version="1.0" encoding="UTF-8"?>
<!-- Generated by org.testng.reporters.JUnitReportReporter -->
<testsuite hostname="fv-az915-502" failures="0" tests="1" name="TestClasses.LoginTest" time="6.397" errors="0" timestamp="2023-11-30T17:33:45 UTC" skipped="0">
  <testcase classname="TestClasses.LoginTest" name="login" time="6.397"/>
  <system-out/>
</testsuite> <!-- TestClasses.LoginTest -->
