<?xml version="1.0" encoding="UTF-8"?>
<!-- Generated by org.testng.reporters.JUnitReportReporter -->
<testsuite hostname="fv-az736-649" failures="0" tests="1" name="TestClasses.LoginTest" time="23.698" errors="0" timestamp="2023-11-24T13:31:14 UTC" skipped="0">
  <testcase classname="TestClasses.LoginTest" name="login" time="23.698"/>
  <system-out/>
</testsuite> <!-- TestClasses.LoginTest -->
