<?xml version="1.0" encoding="UTF-8"?>
<!-- Generated by org.testng.reporters.JUnitReportReporter -->
<testsuite hostname="fv-az1433-164" failures="0" tests="1" name="TestClasses.LoginTest" time="9.479" errors="0" timestamp="2023-11-23T13:01:39 UTC" skipped="0">
  <testcase classname="TestClasses.LoginTest" name="login" time="9.479"/>
  <system-out/>
</testsuite> <!-- TestClasses.LoginTest -->
