<?xml version="1.0" encoding="UTF-8"?>
<!-- Generated by org.testng.reporters.JUnitReportReporter -->
<testsuite hostname="fv-az777-246" failures="0" tests="1" name="TestClasses.LoginTest" time="6.945" errors="0" timestamp="2023-11-30T17:26:15 UTC" skipped="0">
  <testcase classname="TestClasses.LoginTest" name="login" time="6.945"/>
  <system-out/>
</testsuite> <!-- TestClasses.LoginTest -->
