<?xml version="1.0" encoding="UTF-8"?>
<!-- Generated by org.testng.reporters.JUnitReportReporter -->
<testsuite hostname="fv-az738-229" failures="0" tests="1" name="TestClasses.LoginTest" time="6.930" errors="0" timestamp="2023-12-25T16:44:55 UTC" skipped="0">
  <testcase classname="TestClasses.LoginTest" name="login" time="6.930"/>
  <system-out/>
</testsuite> <!-- TestClasses.LoginTest -->
