<?xml version="1.0" encoding="UTF-8"?>
<!-- Generated by org.testng.reporters.JUnitReportReporter -->
<testsuite hostname="fv-az520-882" failures="0" tests="1" name="TestClasses.LoginTest" time="6.426" errors="0" timestamp="2023-12-01T17:20:04 UTC" skipped="0">
  <testcase classname="TestClasses.LoginTest" name="login" time="6.426"/>
  <system-out/>
</testsuite> <!-- TestClasses.LoginTest -->
