<?xml version="1.0" encoding="UTF-8"?>
<!-- Generated by org.testng.reporters.JUnitReportReporter -->
<testsuite hostname="fv-az841-995" failures="0" tests="1" name="TestClasses.LoginTest" time="18.865" errors="0" timestamp="2023-11-24T13:42:19 UTC" skipped="0">
  <testcase classname="TestClasses.LoginTest" name="login" time="18.865"/>
  <system-out/>
</testsuite> <!-- TestClasses.LoginTest -->
