<?xml version="1.0" encoding="UTF-8"?>
<!-- Generated by org.testng.reporters.JUnitReportReporter -->
<testsuite hostname="fv-az1542-548" failures="0" tests="1" name="TestClasses.LoginTest" time="11.148" errors="0" timestamp="2023-12-11T11:24:08 UTC" skipped="0">
  <testcase classname="TestClasses.LoginTest" name="login" time="11.148"/>
  <system-out/>
</testsuite> <!-- TestClasses.LoginTest -->
