<?xml version="1.0" encoding="UTF-8"?>
<!-- Generated by org.testng.reporters.JUnitReportReporter -->
<testsuite hostname="CHETUIWK2253" failures="0" tests="1" name="TestClasses.LoginTest" time="15.768" errors="0" timestamp="2023-11-17T16:04:09 IST" skipped="0">
  <testcase classname="TestClasses.LoginTest" name="login" time="15.768"/>
  <system-out/>
</testsuite> <!-- TestClasses.LoginTest -->
